<?xml version="1.0" encoding="UTF-8"?>
<!-- Generated by org.testng.reporters.JUnitXMLReporter -->
<testsuite ignored="0" hostname="DESKTOP-3QKDSQ4" failures="0" tests="1" name="Test" time="0.164" errors="0" timestamp="2024-09-26T09:09:57 IST">
  <testcase classname="testBase.baseClass" name="@BeforeClass TC_001setUp" time="-1.727321997704E9">
    <failure type="org.testng.TestNGException" message="
Parameter &amp;apos;os&amp;apos; is required by BeforeClass on method TC_001setUp but has not been marked @Optional or defined
in C:\Users\Madane\OneDrive\Desktop\WCSM7 SELENIUM\eclipse\Oreng_HRM_MavenFinal\testng.xml">
      <![CDATA[org.testng.TestNGException: 
Parameter 'os' is required by BeforeClass on method TC_001setUp but has not been marked @Optional or defined
in C:\Users\Madane\OneDrive\Desktop\WCSM7 SELENIUM\eclipse\Oreng_HRM_MavenFinal\testng.xml
at java.base/java.util.ArrayList.forEach(ArrayList.java:1596)
... Removed 22 stack frames]]>
    </failure>
  </testcase> <!-- @BeforeClass TC_001setUp -->
  <testcase classname="testBase.baseClass" name="@AfterClass tearDown" time="0.0">
    <skipped/>
  </testcase> <!-- @AfterClass tearDown -->
  <testcase classname="testCases.TC_2_Invalid_Valid_LoginToApplication" name="login" time="0.0">
    <skipped/>
  </testcase> <!-- login -->
</testsuite> <!-- Test -->
